<?xml version="1.0" encoding="UTF-8"?>
<!-- Generated by org.testng.reporters.JUnitReportReporter -->
<testsuite hostname="Abdelrahman" failures="0" tests="3" name="Tests.Scenario1" time="57.830" errors="0" timestamp="22 Oct 2022 18:37:28 GMT" skipped="0">
  <testcase classname="Tests.Scenario1" name="Select_item" time="45.015"/>
  <testcase classname="Tests.Scenario1" name="Add_to_cart" time="8.783"/>
  <testcase classname="Tests.Scenario1" name="verify_item" time="4.032"/>
</testsuite> <!-- Tests.Scenario1 -->
